# JRE version: OpenJDK Runtime Environment Zulu17.54+21-CA (17.0.13+11) (build 17.0.13+11-LTS)
# Java VM: OpenJDK 64-Bit Server VM Zulu17.54+21-CA (17.0.13+11-LTS, mixed mode, sharing, tiered, compressed oops, compressed class ptrs, g1 gc, bsd-aarch64)
Heap:
 garbage-first heap   total 571392K, used 355556K [0x0000000780000000, 0x0000000800000000)
  region size 1024K, 252 young (258048K), 20 survivors (20480K)
 Metaspace       used 17356K, committed 17600K, reserved 1114112K
  class space    used 1946K, committed 2048K, reserved 1048576K
GC Heap History (20 events):
Event: 0.555 GC heap before
{Heap before GC invocations=0 (full 0):
 garbage-first heap   total 133120K, used 23472K [0x0000000780000000, 0x0000000800000000)
  region size 1024K, 23 young (23552K), 0 survivors (0K)
 Metaspace       used 8859K, committed 9088K, reserved 1114112K
  class space    used 1037K, committed 1152K, reserved 1048576K
}
Event: 0.559 GC heap after
{Heap after GC invocations=1 (full 0):
 garbage-first heap   total 133120K, used 8349K [0x0000000780000000, 0x0000000800000000)
  region size 1024K, 3 young (3072K), 3 survivors (3072K)
 Metaspace       used 8859K, committed 9088K, reserved 1114112K
  class space    used 1037K, committed 1152K, reserved 1048576K
}
Event: 0.645 GC heap before
{Heap before GC invocations=1 (full 0):
 garbage-first heap   total 133120K, used 40093K [0x0000000780000000, 0x0000000800000000)
  region size 1024K, 34 young (34816K), 3 survivors (3072K)
 Metaspace       used 9740K, committed 9856K, reserved 1114112K
  class space    used 1137K, committed 1216K, reserved 1048576K
}
Event: 0.649 GC heap after
{Heap after GC invocations=2 (full 0):
 garbage-first heap   total 133120K, used 10323K [0x0000000780000000, 0x0000000800000000)
  region size 1024K, 2 young (2048K), 2 survivors (2048K)
 Metaspace       used 9740K, committed 9856K, reserved 1114112K
  class space    used 1137K, committed 1216K, reserved 1048576K
}
Event: 0.707 GC heap before
{Heap before GC invocations=2 (full 0):
 garbage-first heap   total 133120K, used 79955K [0x0000000780000000, 0x0000000800000000)
  region size 1024K, 70 young (71680K), 2 survivors (2048K)
 Metaspace       used 9766K, committed 9920K, reserved 1114112K
  class space    used 1137K, committed 1216K, reserved 1048576K
}
Event: 0.712 GC heap after
{Heap after GC invocations=3 (full 0):
 garbage-first heap   total 133120K, used 14605K [0x0000000780000000, 0x0000000800000000)
  region size 1024K, 6 young (6144K), 6 survivors (6144K)
 Metaspace       used 9766K, committed 9920K, reserved 1114112K
  class space    used 1137K, committed 1216K, reserved 1048576K
}
Event: 0.773 GC heap before
{Heap before GC invocations=3 (full 0):
 garbage-first heap   total 133120K, used 87309K [0x0000000780000000, 0x0000000800000000)
  region size 1024K, 76 young (77824K), 6 survivors (6144K)
 Metaspace       used 9890K, committed 9984K, reserved 1114112K
  class space    used 1148K, committed 1216K, reserved 1048576K
}
Event: 0.781 GC heap after
{Heap after GC invocations=4 (full 0):
 garbage-first heap   total 133120K, used 19659K [0x0000000780000000, 0x0000000800000000)
  region size 1024K, 9 young (9216K), 9 survivors (9216K)
 Metaspace       used 9890K, committed 9984K, reserved 1114112K
  class space    used 1148K, committed 1216K, reserved 1048576K
}
Event: 0.828 GC heap before
{Heap before GC invocations=4 (full 0):
 garbage-first heap   total 133120K, used 88267K [0x0000000780000000, 0x0000000800000000)
  region size 1024K, 76 young (77824K), 9 survivors (9216K)
 Metaspace       used 9890K, committed 9984K, reserved 1114112K
  class space    used 1148K, committed 1216K, reserved 1048576K
}
Event: 0.839 GC heap after
{Heap after GC invocations=5 (full 0):
 garbage-first heap   total 133120K, used 24444K [0x0000000780000000, 0x0000000800000000)
  region size 1024K, 9 young (9216K), 9 survivors (9216K)
 Metaspace       used 9890K, committed 9984K, reserved 1114112K
  class space    used 1148K, committed 1216K, reserved 1048576K
}
Event: 0.872 GC heap before
{Heap before GC invocations=5 (full 0):
 garbage-first heap   total 133120K, used 95100K [0x0000000780000000, 0x0000000800000000)
  region size 1024K, 76 young (77824K), 9 survivors (9216K)
 Metaspace       used 9891K, committed 9984K, reserved 1114112K
  class space    used 1148K, committed 1216K, reserved 1048576K
}
Event: 0.882 GC heap after
{Heap after GC invocations=6 (full 0):
 garbage-first heap   total 266240K, used 28813K [0x0000000780000000, 0x0000000800000000)
  region size 1024K, 7 young (7168K), 7 survivors (7168K)
 Metaspace       used 9891K, committed 9984K, reserved 1114112K
  class space    used 1148K, committed 1216K, reserved 1048576K
}
Event: 0.975 GC heap before
{Heap before GC invocations=6 (full 0):
 garbage-first heap   total 266240K, used 181389K [0x0000000780000000, 0x0000000800000000)
  region size 1024K, 156 young (159744K), 7 survivors (7168K)
 Metaspace       used 9898K, committed 10048K, reserved 1114112K
  class space    used 1148K, committed 1216K, reserved 1048576K
}
Event: 0.984 GC heap after
{Heap after GC invocations=7 (full 0):
 garbage-first heap   total 266240K, used 38029K [0x0000000780000000, 0x0000000800000000)
  region size 1024K, 16 young (16384K), 16 survivors (16384K)
 Metaspace       used 9898K, committed 10048K, reserved 1114112K
  class space    used 1148K, committed 1216K, reserved 1048576K
}
Event: 1.035 GC heap before
{Heap before GC invocations=7 (full 0):
 garbage-first heap   total 266240K, used 181389K [0x0000000780000000, 0x0000000800000000)
  region size 1024K, 156 young (159744K), 16 survivors (16384K)
 Metaspace       used 9901K, committed 10048K, reserved 1114112K
  class space    used 1148K, committed 1216K, reserved 1048576K
}
Event: 1.047 GC heap after
{Heap after GC invocations=8 (full 0):
 garbage-first heap   total 266240K, used 45336K [0x0000000780000000, 0x0000000800000000)
  region size 1024K, 17 young (17408K), 17 survivors (17408K)
 Metaspace       used 9901K, committed 10048K, reserved 1114112K
  class space    used 1148K, committed 1216K, reserved 1048576K
}
Event: 1.208 GC heap before
{Heap before GC invocations=8 (full 0):
 garbage-first heap   total 266240K, used 189720K [0x0000000780000000, 0x0000000800000000)
  region size 1024K, 156 young (159744K), 17 survivors (17408K)
 Metaspace       used 10331K, committed 10496K, reserved 1114112K
  class space    used 1212K, committed 1280K, reserved 1048576K
}
Event: 1.226 GC heap after
{Heap after GC invocations=9 (full 0):
 garbage-first heap   total 266240K, used 59151K [0x0000000780000000, 0x0000000800000000)
  region size 1024K, 18 young (18432K), 18 survivors (18432K)
 Metaspace       used 10331K, committed 10496K, reserved 1114112K
  class space    used 1212K, committed 1280K, reserved 1048576K
}
Event: 10.950 GC heap before
{Heap before GC invocations=9 (full 0):
 garbage-first heap   total 266240K, used 199439K [0x0000000780000000, 0x0000000800000000)
  region size 1024K, 156 young (159744K), 18 survivors (18432K)
 Metaspace       used 15703K, committed 15936K, reserved 1114112K
  class space    used 1777K, committed 1920K, reserved 1048576K
}
Event: 10.971 GC heap after
{Heap after GC invocations=10 (full 0):
 garbage-first heap   total 571392K, used 83684K [0x0000000780000000, 0x0000000800000000)
  region size 1024K, 20 young (20480K), 20 survivors (20480K)
 Metaspace       used 15703K, committed 15936K, reserved 1114112K
  class space    used 1777K, committed 1920K, reserved 1048576K
}

